<?xml version="1.0" encoding="UTF-8"?>
<!-- Generated by org.testng.reporters.JUnitReportReporter -->
<testsuite hostname="DESKTOP-C2I0Q31" failures="0" tests="1" name="com.pa.qa.testcases.DataBaseTest" time="110.038" errors="0" timestamp="07 Jan 2020 12:56:13 GMT" skipped="0">
  <testcase classname="com.pa.qa.testcases.DataBaseTest" name="DBLogInTest" time="110.038"/>
</testsuite> <!-- com.pa.qa.testcases.DataBaseTest -->
